c:\dev\cpp_01_helloworld\project1\debug\vc140.pdb
c:\dev\cpp_01_helloworld\project1\debug\vc140.idb
c:\dev\cpp_01_helloworld\project1\debug\actor.obj
c:\dev\cpp_01_helloworld\project1\debug\main.obj
c:\dev\cpp_01_helloworld\project1\debug\map.obj
c:\users\marvi\source\repos\cpproguelike\debug\vc140.pdb
c:\users\marvi\source\repos\cpproguelike\debug\vc140.idb
c:\users\marvi\source\repos\cpproguelike\debug\actor.obj
c:\users\marvi\source\repos\cpproguelike\debug\main.obj
c:\users\marvi\source\repos\cpproguelike\debug\map.obj
c:\users\marvi\source\repos\cpproguelike\debug\rectangularroom.obj
c:\dev\cpp_01_helloworld\project1\debug\project1.ilk
c:\dev\cpp_01_helloworld\project1\debug\project1.exe
c:\dev\cpp_01_helloworld\project1\debug\project1.pdb
c:\users\marvi\source\repos\cpproguelike\debug\project1.ilk
c:\users\marvi\source\repos\cpproguelike\debug\project1.exe
c:\users\marvi\source\repos\cpproguelike\debug\project1.pdb
c:\users\marvi\source\repos\cpproguelike\debug\main.obj.enc
c:\users\marvi\source\repos\cpproguelike\debug\rectangularroom.obj.enc
c:\users\marvi\source\repos\cpproguelike\debug\project1.tlog\cl.command.1.tlog
c:\users\marvi\source\repos\cpproguelike\debug\project1.tlog\cl.read.1.tlog
c:\users\marvi\source\repos\cpproguelike\debug\project1.tlog\cl.write.1.tlog
c:\users\marvi\source\repos\cpproguelike\debug\project1.tlog\link.command.1.tlog
c:\users\marvi\source\repos\cpproguelike\debug\project1.tlog\link.read.1.tlog
c:\users\marvi\source\repos\cpproguelike\debug\project1.tlog\link.write.1.tlog
